<?xml version="1.0" encoding="UTF-8"?>
<!-- Generated by org.testng.reporters.JUnitXMLReporter -->
<testsuite ignored="0" hostname="DESKTOP-IGAMSGJ" failures="1" tests="2" name="Command line test" time="3.213" errors="0" timestamp="25 Dec 2021 11:43:06 GMT">
  <testcase classname="BackEndTest.FreeNow.AppTest" name="readUser" time="3.189"/>
  <testcase classname="BackEndTest.FreeNow.AppTest" name="userPosts" time="0.0">
    <failure type="org.testng.TestNGException" message="
Cannot inject @Test annotated Method [userPosts] with [int].
For more information on native dependency injection please refer to http://testng.org/doc/documentation-main.html#native-dependency-injection">
      <![CDATA[org.testng.TestNGException: 
Cannot inject @Test annotated Method [userPosts] with [int].
For more information on native dependency injection please refer to http://testng.org/doc/documentation-main.html#native-dependency-injection
... Removed 30 stack frames]]>
    </failure>
  </testcase> <!-- userPosts -->
</testsuite> <!-- Command line test -->
