<?xml version="1.0" encoding="UTF-8"?>
<testng-results ignored="0" total="2" passed="1" failed="1" skipped="0">
  <reporter-output>
    <line>
      <![CDATA[Set Up]]>
    </line>
    <line>
      <![CDATA[Read User]]>
    </line>
  </reporter-output>
  <suite started-at="2021-12-25T11:43:02Z" name="Command line suite" finished-at="2021-12-25T11:43:06Z" duration-ms="3213">
    <groups>
    </groups>
    <test started-at="2021-12-25T11:43:02Z" name="Command line test" finished-at="2021-12-25T11:43:06Z" duration-ms="3213">
      <class name="BackEndTest.FreeNow.AppTest">
        <test-method is-config="true" signature="setUp()[pri:0, instance:BackEndTest.FreeNow.AppTest@1dfe2924]" started-at="2021-12-25T12:43:02Z" name="setUp" finished-at="2021-12-25T12:43:02Z" duration-ms="6" status="PASS">
          <reporter-output>
            <line>
              <![CDATA[Set Up]]>
            </line>
          </reporter-output>
        </test-method> <!-- setUp -->
        <test-method signature="readUser()[pri:0, instance:BackEndTest.FreeNow.AppTest@1dfe2924]" started-at="2021-12-25T12:43:02Z" name="readUser" finished-at="2021-12-25T12:43:06Z" duration-ms="3189" status="PASS">
          <reporter-output>
            <line>
              <![CDATA[Read User]]>
            </line>
          </reporter-output>
        </test-method> <!-- readUser -->
        <test-method signature="userPosts(int)[pri:0, instance:BackEndTest.FreeNow.AppTest@1dfe2924]" started-at="2021-12-25T12:43:06Z" name="userPosts" finished-at="2021-12-25T12:43:06Z" duration-ms="0" status="FAIL">
          <exception class="org.testng.TestNGException">
            <message>
              <![CDATA[
Cannot inject @Test annotated Method [userPosts] with [int].
For more information on native dependency injection please refer to http://testng.org/doc/documentation-main.html#native-dependency-injection]]>
            </message>
            <full-stacktrace>
              <![CDATA[org.testng.TestNGException: 
Cannot inject @Test annotated Method [userPosts] with [int].
For more information on native dependency injection please refer to http://testng.org/doc/documentation-main.html#native-dependency-injection
	at org.testng.internal.Parameters.checkParameterTypes(Parameters.java:244)
	at org.testng.internal.Parameters.createParameters(Parameters.java:172)
	at org.testng.internal.Parameters.createParameters(Parameters.java:458)
	at org.testng.internal.Parameters.handleParameters(Parameters.java:568)
	at org.testng.internal.Invoker.handleParameters(Invoker.java:1293)
	at org.testng.internal.Invoker.createParameters(Invoker.java:1020)
	at org.testng.internal.Invoker.invokeTestMethods(Invoker.java:1110)
	at org.testng.internal.TestMethodWorker.invokeTestMethods(TestMethodWorker.java:129)
	at org.testng.internal.TestMethodWorker.run(TestMethodWorker.java:112)
	at org.testng.TestRunner.privateRun(TestRunner.java:756)
	at org.testng.TestRunner.run(TestRunner.java:610)
	at org.testng.SuiteRunner.runTest(SuiteRunner.java:387)
	at org.testng.SuiteRunner.runSequentially(SuiteRunner.java:382)
	at org.testng.SuiteRunner.privateRun(SuiteRunner.java:340)
	at org.testng.SuiteRunner.run(SuiteRunner.java:289)
	at org.testng.SuiteRunnerWorker.runSuite(SuiteRunnerWorker.java:52)
	at org.testng.SuiteRunnerWorker.run(SuiteRunnerWorker.java:86)
	at org.testng.TestNG.runSuitesSequentially(TestNG.java:1293)
	at org.testng.TestNG.runSuitesLocally(TestNG.java:1218)
	at org.testng.TestNG.runSuites(TestNG.java:1133)
	at org.testng.TestNG.run(TestNG.java:1104)
	at org.apache.maven.surefire.testng.TestNGExecutor.run(TestNGExecutor.java:62)
	at org.apache.maven.surefire.testng.TestNGDirectoryTestSuite.execute(TestNGDirectoryTestSuite.java:141)
	at org.apache.maven.surefire.Surefire.run(Surefire.java:180)
	at java.base/jdk.internal.reflect.NativeMethodAccessorImpl.invoke0(Native Method)
	at java.base/jdk.internal.reflect.NativeMethodAccessorImpl.invoke(NativeMethodAccessorImpl.java:78)
	at java.base/jdk.internal.reflect.DelegatingMethodAccessorImpl.invoke(DelegatingMethodAccessorImpl.java:43)
	at java.base/java.lang.reflect.Method.invoke(Method.java:567)
	at org.apache.maven.surefire.booter.SurefireBooter.runSuitesInProcess(SurefireBooter.java:350)
	at org.apache.maven.surefire.booter.SurefireBooter.main(SurefireBooter.java:1021)
]]>
            </full-stacktrace>
          </exception> <!-- org.testng.TestNGException -->
          <reporter-output>
          </reporter-output>
        </test-method> <!-- userPosts -->
      </class> <!-- BackEndTest.FreeNow.AppTest -->
    </test> <!-- Command line test -->
  </suite> <!-- Command line suite -->
</testng-results>
