<?xml version="1.0" encoding="UTF-8"?>
<testng-results ignored="0" total="1" passed="1" failed="0" skipped="0">
  <reporter-output>
    <line>
      <![CDATA[Set Up]]>
    </line>
    <line>
      <![CDATA[Read User]]>
    </line>
  </reporter-output>
  <suite started-at="2021-12-26T08:20:55Z" name="Command line suite" finished-at="2021-12-26T08:20:57Z" duration-ms="2541">
    <groups>
    </groups>
    <test started-at="2021-12-26T08:20:55Z" name="Command line test" finished-at="2021-12-26T08:20:57Z" duration-ms="2541">
      <class name="BackEndTest.FreeNow.AppTest">
        <test-method is-config="true" signature="setUp()[pri:0, instance:BackEndTest.FreeNow.AppTest@22a67b4]" started-at="2021-12-26T09:20:55Z" name="setUp" finished-at="2021-12-26T09:20:55Z" duration-ms="7" status="PASS">
          <reporter-output>
            <line>
              <![CDATA[Set Up]]>
            </line>
          </reporter-output>
        </test-method> <!-- setUp -->
        <test-method signature="readUser()[pri:0, instance:BackEndTest.FreeNow.AppTest@22a67b4]" started-at="2021-12-26T09:20:55Z" name="readUser" finished-at="2021-12-26T09:20:57Z" duration-ms="2517" status="PASS">
          <reporter-output>
            <line>
              <![CDATA[Read User]]>
            </line>
          </reporter-output>
        </test-method> <!-- readUser -->
      </class> <!-- BackEndTest.FreeNow.AppTest -->
    </test> <!-- Command line test -->
  </suite> <!-- Command line suite -->
</testng-results>
