<?xml version="1.0" encoding="UTF-8" ?>
<testsuite tests="2" failures="1" name="TestSuite" time="3.552" errors="0" skipped="0">
  <properties>
[...]
</properties>
  <testcase classname="BackEndTest.FreeNow.AppTest" name="readUser" time="3.19"/>
  <testcase classname="BackEndTest.FreeNow.AppTest" name="userPosts" time="3.196">
    <failure message="
Cannot inject @Test annotated Method [userPosts] with [int].
For more information on native dependency injection please refer to http://testng.org/doc/documentation-main.html#native-dependency-injection" type="org.testng.TestNGException">org.testng.TestNGException: 
Cannot inject @Test annotated Method [userPosts] with [int].
For more information on native dependency injection please refer to http://testng.org/doc/documentation-main.html#native-dependency-injection
	at org.testng.internal.Parameters.checkParameterTypes(Parameters.java:244)
	at org.testng.internal.Parameters.createParameters(Parameters.java:172)
	at org.testng.internal.Parameters.createParameters(Parameters.java:458)
	at org.testng.internal.Parameters.handleParameters(Parameters.java:568)
	at org.testng.internal.Invoker.handleParameters(Invoker.java:1293)
	at org.testng.internal.Invoker.createParameters(Invoker.java:1020)
	at org.testng.internal.Invoker.invokeTestMethods(Invoker.java:1110)
	at org.testng.internal.TestMethodWorker.invokeTestMethods(TestMethodWorker.java:129)
	at org.testng.internal.TestMethodWorker.run(TestMethodWorker.java:112)
	at org.testng.TestRunner.privateRun(TestRunner.java:756)
	at org.testng.TestRunner.run(TestRunner.java:610)
	at org.testng.SuiteRunner.runTest(SuiteRunner.java:387)
	at org.testng.SuiteRunner.runSequentially(SuiteRunner.java:382)
	at org.testng.SuiteRunner.privateRun(SuiteRunner.java:340)
	at org.testng.SuiteRunner.run(SuiteRunner.java:289)
	at org.testng.SuiteRunnerWorker.runSuite(SuiteRunnerWorker.java:52)
	at org.testng.SuiteRunnerWorker.run(SuiteRunnerWorker.java:86)
	at org.testng.TestNG.runSuitesSequentially(TestNG.java:1293)
	at org.testng.TestNG.runSuitesLocally(TestNG.java:1218)
	at org.testng.TestNG.runSuites(TestNG.java:1133)
	at org.testng.TestNG.run(TestNG.java:1104)
	at org.apache.maven.surefire.testng.TestNGExecutor.run(TestNGExecutor.java:62)
	at org.apache.maven.surefire.testng.TestNGDirectoryTestSuite.execute(TestNGDirectoryTestSuite.java:141)
	at org.apache.maven.surefire.Surefire.run(Surefire.java:180)
	at java.base/jdk.internal.reflect.NativeMethodAccessorImpl.invoke0(Native Method)
	at java.base/jdk.internal.reflect.NativeMethodAccessorImpl.invoke(NativeMethodAccessorImpl.java:78)
	at java.base/jdk.internal.reflect.DelegatingMethodAccessorImpl.invoke(DelegatingMethodAccessorImpl.java:43)
	at java.base/java.lang.reflect.Method.invoke(Method.java:567)
	at org.apache.maven.surefire.booter.SurefireBooter.runSuitesInProcess(SurefireBooter.java:350)
	at org.apache.maven.surefire.booter.SurefireBooter.main(SurefireBooter.java:1021)
</failure>
    <system-out>Read User
userId: 3
ids: [21, 22, 23, 24, 25, 26, 27, 28, 29, 30]
emails: [Lura@rod.tv, Lottie.Zieme@ruben.us, Winona_Price@jevon.me, Gabriel@oceane.biz, Adolph.Ondricka@mozell.co.uk]
emails: [Allen@richard.biz, Nicholaus@mikayla.ca, Kayla@susanna.org, Gideon@amina.name, Cassidy@maribel.io]
emails: [Stefan.Crist@duane.ca, Aniyah.Ortiz@monte.me, Laverna@rico.biz, Derek@hildegard.net, Tyrell@abdullah.ca]
emails: [Reyes@hailey.name, Danika.Dicki@mekhi.biz, Alessandra.Nitzsche@stephania.us, Matteo@marquis.net, Joshua.Spinka@toby.io]
emails: [Annabelle@cole.com, Kacey@jamal.info, Mina@mallie.name, Hudson.Blick@ruben.biz, Domenic.Durgan@joaquin.name]
emails: [Alexie@alayna.org, Haven_Barrows@brant.org, Marianne@maximo.us, Fanny@danial.com, Trevion_Kuphal@bernice.name]
emails: [Emmet@guy.biz, Megane.Fritsch@claude.name, Amya@durward.ca, Jasen_Rempel@willis.org, Harmony@reggie.com]
emails: [Rosanna_Kunze@guy.net, Ressie.Boehm@flossie.com, Domenic.Wuckert@jazmyne.us, Rhett.OKon@brian.info, Mathias@richmond.info]
emails: [Ottis@lourdes.org, Estel@newton.ca, Bertha@erik.co.uk, Joesph@matteo.info, Alva@cassandre.net]
emails: [Vivienne@willis.org, Angelita@aliza.me, Timmothy_Okuneva@alyce.tv, Moriah_Welch@richmond.org, Ramiro_Kuhn@harmon.biz]
</system-out>
  </testcase>
</testsuite>